make all --print-data-base --no-builtin-variables --no-builtin-rules --question
# GNU Make 4.3
# Built for x86_64-pc-linux-gnu
# Copyright (C) 1988-2020 Free Software Foundation, Inc.
# License GPLv3+: GNU GPL version 3 or later <http://gnu.org/licenses/gpl.html>
# This is free software: you are free to change and redistribute it.
# There is NO WARRANTY, to the extent permitted by law.

# Make data base, printed on Sun Jun 20 08:19:04 2021

# Variables

# environment
GDK_BACKEND = x11
# environment
LC_ALL = C
# environment
NO_AT_BRIDGE = 1
# environment
GTK_RC_FILES = /etc/gtk/gtkrc:/home/adam/.gtkrc:/home/adam/.config/gtkrc
# environment
VSCODE_IPC_HOOK_EXTHOST = /run/user/1000/vscode-ipc-739d979c-2dab-4977-8903-8c431bc69f30.sock
# environment
LC_NAME = pl_PL.UTF-8
# environment
LC_NUMERIC = pl_PL.UTF-8
# environment
VSCODE_CWD = /home/adam
# environment
LC_ADDRESS = pl_PL.UTF-8
# default
MAKE_COMMAND := make
# environment
GTK3_MODULES = xapp-gtk3-module
# automatic
@D = $(patsubst %/,%,$(dir $@))
# environment
VSCODE_HANDLES_UNCAUGHT_ERRORS = true
# default
.VARIABLES := 
# environment
PWD = /home/adam/Pers/CPU_Monitor
# automatic
%D = $(patsubst %/,%,$(dir $%))
# environment
MAIL = /var/spool/mail/adam
# environment
XDG_DATA_DIRS = /home/adam/.local/share/flatpak/exports/share:/var/lib/flatpak/exports/share:/usr/local/share:/usr/share:/var/lib/snapd/desktop
# automatic
^D = $(patsubst %/,%,$(dir $^))
# environment
VSCODE_LOG_STACK = false
# automatic
%F = $(notdir $%)
# environment
XDG_SESSION_PATH = /org/freedesktop/DisplayManager/Session1
# environment
LANG = C
# environment
XAUTHORITY = /home/adam/.Xauthority
# default
.LOADED := 
# default
.INCLUDE_DIRS = /usr/include /usr/local/include /usr/include
# makefile (from 'Makefile', line 51)
CMAKE_COMMAND = /usr/bin/cmake
# makefile
MAKEFLAGS = pqrR
# makefile
CURDIR := /home/adam/Pers/CPU_Monitor
# environment
VSCODE_PIPE_LOGGING = true
# environment
APPLICATION_INSIGHTS_NO_DIAGNOSTIC_CHANNEL = true
# automatic
*D = $(patsubst %/,%,$(dir $*))
# environment
PAM_KWALLET5_LOGIN = /run/user/1000/kwallet5.socket
# environment
MFLAGS = -pqrR
# default
.SHELLFLAGS := -c
# environment
QT_LINUX_ACCESSIBILITY_ALWAYS_ON = 1
# automatic
+D = $(patsubst %/,%,$(dir $+))
# environment
XCURSOR_THEME = McMojave-cursors
# environment
XDG_SESSION_DESKTOP = KDE
# environment
VSCODE_CRASH_REPORTER_START_OPTIONS = {"companyName":"Microsoft","productName":"VSCode","submitURL":"appcenter://code?aid=fba07a4d-84bd-4fc8-a125-9640fc8ce171&uid=7d54e817-0d84-43d6-8618-293d0d9d10e9&iid=7d54e817-0d84-43d6-8618-293d0d9d10e9&sid=7d54e817-0d84-43d6-8618-293d0d9d10e9","uploadToServer":true}
# makefile (from 'Makefile', line 1)
MAKEFILE_LIST := Makefile
# makefile (from 'Makefile', line 63)
CMAKE_BINARY_DIR = /home/adam/Pers/CPU_Monitor
# automatic
@F = $(notdir $@)
# environment
VSCODE_VERBOSE_LOGGING = true
# environment
VSCODE_PID = 2372
# environment
XDG_SESSION_TYPE = x11
# automatic
?D = $(patsubst %/,%,$(dir $?))
# makefile (from 'Makefile', line 60)
CMAKE_SOURCE_DIR = /home/adam/Pers/CPU_Monitor
# environment
SESSION_MANAGER = local/adam-b550aoruselitev2:@/tmp/.ICE-unix/1222,unix/adam-b550aoruselitev2:/tmp/.ICE-unix/1222
# automatic
*F = $(notdir $*)
# environment
CHROME_DESKTOP = code-url-handler.desktop
# environment
DBUS_SESSION_BUS_ADDRESS = unix:path=/run/user/1000/bus
# automatic
<D = $(patsubst %/,%,$(dir $<))
# environment
VSCODE_NLS_CONFIG = {"locale":"en","availableLanguages":{},"_languagePackSupport":true}
# environment
BREAKPAD_DUMP_LOCATION = /home/adam/.config/Code/exthost Crash Reports
# default
MAKE_HOST := x86_64-pc-linux-gnu
# makefile (from 'Makefile', line 48)
SHELL = /bin/sh
# default
MAKECMDGOALS := all
# environment
DOTNET_BUNDLE_EXTRACT_BASE_DIR = /home/adam/.cache/dotnet_bundle_extract
# environment
SHLVL = 1
# environment
MAKELEVEL := 0
# default
MAKE = $(MAKE_COMMAND)
# environment
PATH = /home/adam/.local/bin:/usr/local/sbin:/usr/local/bin:/usr/bin:/home/adam/.dotnet/tools:/usr/lib/jvm/default/bin:/usr/bin/site_perl:/usr/bin/vendor_perl:/usr/bin/core_perl:/var/lib/snapd/snap/bin:/home/adam/bin:/home/adam/bin
# default
MAKEFILES := 
# environment
LANGUAGE = pl:en_US
# environment
LC_MONETARY = pl_PL.UTF-8
# environment
MOTD_SHOWN = pam
# automatic
^F = $(notdir $^)
# environment
LC_TIME = pl_PL.UTF-8
# environment
VSCODE_LOG_NATIVE = false
# environment
LC_TELEPHONE = pl_PL.UTF-8
# automatic
?F = $(notdir $?)
# environment
KDE_APPLICATIONS_AS_SCOPE = 1
# environment
XDG_SEAT = seat0
# environment
XDG_CURRENT_DESKTOP = KDE
# automatic
+F = $(notdir $+)
# environment
XDG_SEAT_PATH = /org/freedesktop/DisplayManager/Seat0
# environment
DESKTOP_SESSION = plasma
# environment
ORIGINAL_XDG_CURRENT_DESKTOP = KDE
# 'override' directive
GNUMAKEFLAGS := 
# environment
BROWSER = /usr/bin/firefox
# makefile (from 'Makefile', line 57)
EQUALS = =
# environment
LOGNAME = adam
# environment
XDG_VTNR = 1
# makefile
.DEFAULT_GOAL := default_target
# makefile (from 'Makefile', line 54)
RM = /usr/bin/cmake -E rm -f
# environment
EDITOR = /usr/bin/nano
# environment
DISPLAY = :0
# environment
GTK_MODULES = canberra-gtk-module
# environment
USER = adam
# default
MAKE_VERSION := 4.3
# environment
KDE_SESSION_UID = 1000
# environment
LC_MEASUREMENT = pl_PL.UTF-8
# environment
VSCODE_NODE_CACHED_DATA_DIR = /home/adam/.config/Code/CachedData/507ce72a4466fbb27b715c3722558bb15afa9f48
# environment
_ = /usr/bin/make
# makefile (from 'Makefile', line 35)
MAKESILENT = -s
# environment
LC_PAPER = pl_PL.UTF-8
# environment
XDG_RUNTIME_DIR = /run/user/1000
# environment
XDG_SESSION_CLASS = user
# environment
VSCODE_AMD_ENTRYPOINT = vs/workbench/services/extensions/node/extensionHostProcess
# environment
GTK2_RC_FILES = /etc/gtk-2.0/gtkrc:/home/adam/.gtkrc-2.0:/home/adam/.config/gtkrc-2.0
# environment
HOME = /home/adam
# environment
ELECTRON_RUN_AS_NODE = 1
# environment
VSCODE_IPC_HOOK = /run/user/1000/vscode-6339429b-1.57.1-main.sock
# environment
XDG_SESSION_ID = 2
# environment
XCURSOR_SIZE = 24
# default
.RECIPEPREFIX := 
# automatic
<F = $(notdir $<)
# default
SUFFIXES := 
# environment
QT_AUTO_SCREEN_SCALE_FACTOR = 0
# environment
VSCODE_CLI = 1
# environment
ELECTRON_NO_ATTACH_CONSOLE = 1
# environment
KDE_SESSION_VERSION = 5
# default
.FEATURES := target-specific order-only second-expansion else-if shortest-stem undefine oneshell nocomment grouped-target extra-prereqs archives jobserver output-sync check-symlink guile load
# environment
KDE_FULL_SESSION = true
# environment
DOTNET_ROOT = /usr/share/dotnet
# environment
LC_IDENTIFICATION = pl_PL.UTF-8
# variable set hash-table stats:
# Load=117/1024=11%, Rehash=0, Collisions=8/157=5%

# Pattern-specific Variable Values

# No pattern-specific variable values.

# Directories

# RCS: could not be stat'd.
# SCCS: could not be stat'd.
# . (device 2053, inode 1314729): 13 files, no impossibilities.

# 13 files, no impossibilities in 3 directories.

# Implicit Rules

%: %,v

%: RCS/%

%: RCS/%,v

%: SCCS/s.%

%: s.%

%.hpux_make_needs_suffix_list:

# 6 implicit rules, 0 (0.0%) terminal.
# Files

src/main.i: src/main.c.i
#  Phony target (prerequisite of .PHONY).
#  Implicit rule search has not been done.
#  File does not exist.
#  File has not been updated.

 
depend:
#  Phony target (prerequisite of .PHONY).
#  Implicit rule search has not been done.
#  File does not exist.
#  File has not been updated.
#  recipe to execute (from 'Makefile', line 116):
	$(CMAKE_COMMAND) -P /home/adam/Pers/CPU_Monitor/CMakeFiles/VerifyGlobs.cmake
	$(CMAKE_COMMAND) -S$(CMAKE_SOURCE_DIR) -B$(CMAKE_BINARY_DIR) --check-build-system CMakeFiles/Makefile.cmake 1

src/main.s: src/main.c.s
#  Phony target (prerequisite of .PHONY).
#  Implicit rule search has not been done.
#  File does not exist.
#  File has not been updated.

default_target: all
#  Phony target (prerequisite of .PHONY).
#  Implicit rule search has not been done.
#  File does not exist.
#  File has not been updated.

src/reader.c.s:
#  Phony target (prerequisite of .PHONY).
#  Implicit rule search has not been done.
#  File does not exist.
#  File has not been updated.
#  recipe to execute (from 'Makefile', line 178):
	$(MAKE) $(MAKESILENT) -f CMakeFiles/CPU_Monitor.dir/build.make CMakeFiles/CPU_Monitor.dir/src/reader.c.s

edit_cache/fast: edit_cache
#  Phony target (prerequisite of .PHONY).
#  Implicit rule search has not been done.
#  File does not exist.
#  File has not been updated.

src/main.c.i:
#  Phony target (prerequisite of .PHONY).
#  Implicit rule search has not been done.
#  File does not exist.
#  File has not been updated.
#  recipe to execute (from 'Makefile', line 146):
	$(MAKE) $(MAKESILENT) -f CMakeFiles/CPU_Monitor.dir/build.make CMakeFiles/CPU_Monitor.dir/src/main.c.i

src/main.c.o:
#  Phony target (prerequisite of .PHONY).
#  Implicit rule search has not been done.
#  File does not exist.
#  File has not been updated.
#  recipe to execute (from 'Makefile', line 138):
	$(MAKE) $(MAKESILENT) -f CMakeFiles/CPU_Monitor.dir/build.make CMakeFiles/CPU_Monitor.dir/src/main.c.o

src/reader.o: src/reader.c.o
#  Phony target (prerequisite of .PHONY).
#  Implicit rule search has not been done.
#  File does not exist.
#  File has not been updated.

# Not a target:
Makefile:
#  Implicit rule search has been done.
#  Last modified 2021-06-16 23:22:45.748077895
#  File has been updated.
#  Successfully updated.

rebuild_cache:
#  Phony target (prerequisite of .PHONY).
#  Implicit rule search has not been done.
#  File does not exist.
#  File has not been updated.
#  recipe to execute (from 'Makefile', line 70):
	@$(CMAKE_COMMAND) -E cmake_echo_color --switch=$(COLOR) --cyan "Running CMake to regenerate build system..."
	/usr/bin/cmake --regenerate-during-build -S$(CMAKE_SOURCE_DIR) -B$(CMAKE_BINARY_DIR)

src/reader.s: src/reader.c.s
#  Phony target (prerequisite of .PHONY).
#  Implicit rule search has not been done.
#  File does not exist.
#  File has not been updated.

.SILENT:
#  Implicit rule search has not been done.
#  Modification time never checked.
#  File has not been updated.

clean:
#  Phony target (prerequisite of .PHONY).
#  Implicit rule search has not been done.
#  File does not exist.
#  File has not been updated.
#  recipe to execute (from 'Makefile', line 97):
	$(MAKE) $(MAKESILENT) -f CMakeFiles/Makefile2 clean

cmake_force:
#  Phony target (prerequisite of .PHONY).
#  Implicit rule search has not been done.
#  File does not exist.
#  File has not been updated.

preinstall/fast:
#  Phony target (prerequisite of .PHONY).
#  Implicit rule search has not been done.
#  File does not exist.
#  File has not been updated.
#  recipe to execute (from 'Makefile', line 111):
	$(MAKE) $(MAKESILENT) -f CMakeFiles/Makefile2 preinstall

edit_cache:
#  Phony target (prerequisite of .PHONY).
#  Implicit rule search has not been done.
#  File does not exist.
#  File has not been updated.
#  recipe to execute (from 'Makefile', line 80):
	@$(CMAKE_COMMAND) -E cmake_echo_color --switch=$(COLOR) --cyan "Running CMake cache editor..."
	/usr/bin/ccmake -S$(CMAKE_SOURCE_DIR) -B$(CMAKE_BINARY_DIR)

src/main.c.s:
#  Phony target (prerequisite of .PHONY).
#  Implicit rule search has not been done.
#  File does not exist.
#  File has not been updated.
#  recipe to execute (from 'Makefile', line 154):
	$(MAKE) $(MAKESILENT) -f CMakeFiles/CPU_Monitor.dir/build.make CMakeFiles/CPU_Monitor.dir/src/main.c.s

rebuild_cache/fast: rebuild_cache
#  Phony target (prerequisite of .PHONY).
#  Implicit rule search has not been done.
#  File does not exist.
#  File has not been updated.

CPU_Monitor: cmake_check_build_system
#  Phony target (prerequisite of .PHONY).
#  Implicit rule search has not been done.
#  File does not exist.
#  File has not been updated.
#  recipe to execute (from 'Makefile', line 125):
	$(MAKE) $(MAKESILENT) -f CMakeFiles/Makefile2 CPU_Monitor

# Not a target:
.hpux_make_needs_suffix_list:
#  Implicit rule search has not been done.
#  Modification time never checked.
#  File has not been updated.

src/reader.c.o:
#  Phony target (prerequisite of .PHONY).
#  Implicit rule search has not been done.
#  File does not exist.
#  File has not been updated.
#  recipe to execute (from 'Makefile', line 162):
	$(MAKE) $(MAKESILENT) -f CMakeFiles/CPU_Monitor.dir/build.make CMakeFiles/CPU_Monitor.dir/src/reader.c.o

src/reader.i: src/reader.c.i
#  Phony target (prerequisite of .PHONY).
#  Implicit rule search has not been done.
#  File does not exist.
#  File has not been updated.

preinstall: all
#  Phony target (prerequisite of .PHONY).
#  Implicit rule search has not been done.
#  File does not exist.
#  File has not been updated.
#  recipe to execute (from 'Makefile', line 106):
	$(MAKE) $(MAKESILENT) -f CMakeFiles/Makefile2 preinstall

src/main.o: src/main.c.o
#  Phony target (prerequisite of .PHONY).
#  Implicit rule search has not been done.
#  File does not exist.
#  File has not been updated.

# Not a target:
.DEFAULT:
#  Implicit rule search has not been done.
#  Modification time never checked.
#  File has not been updated.

all: cmake_check_build_system
#  Phony target (prerequisite of .PHONY).
#  Command line target.
#  Implicit rule search has not been done.
#  File does not exist.
#  File has been updated.
#  Needs to be updated (-q is set).
# variable set hash-table stats:
# Load=0/32=0%, Rehash=0, Collisions=0/7=0%
#  recipe to execute (from 'Makefile', line 90):
	$(CMAKE_COMMAND) -E cmake_progress_start /home/adam/Pers/CPU_Monitor/CMakeFiles /home/adam/Pers/CPU_Monitor//CMakeFiles/progress.marks
	$(MAKE) $(MAKESILENT) -f CMakeFiles/Makefile2 all
	$(CMAKE_COMMAND) -E cmake_progress_start /home/adam/Pers/CPU_Monitor/CMakeFiles 0

help:
#  Phony target (prerequisite of .PHONY).
#  Implicit rule search has not been done.
#  File does not exist.
#  File has not been updated.
#  recipe to execute (from 'Makefile', line 183):
	@echo "The following are some of the valid targets for this Makefile:"
	@echo "... all (the default if no target is provided)"
	@echo "... clean"
	@echo "... depend"
	@echo "... edit_cache"
	@echo "... rebuild_cache"
	@echo "... CPU_Monitor"
	@echo "... src/main.o"
	@echo "... src/main.i"
	@echo "... src/main.s"
	@echo "... src/reader.o"
	@echo "... src/reader.i"
	@echo "... src/reader.s"

clean/fast: clean
#  Phony target (prerequisite of .PHONY).
#  Implicit rule search has not been done.
#  File does not exist.
#  File has not been updated.

.NOTPARALLEL:
#  Implicit rule search has not been done.
#  Modification time never checked.
#  File has not been updated.

src/reader.c.i:
#  Phony target (prerequisite of .PHONY).
#  Implicit rule search has not been done.
#  File does not exist.
#  File has not been updated.
#  recipe to execute (from 'Makefile', line 170):
	$(MAKE) $(MAKESILENT) -f CMakeFiles/CPU_Monitor.dir/build.make CMakeFiles/CPU_Monitor.dir/src/reader.c.i

cmake_check_build_system:
#  Phony target (prerequisite of .PHONY).
#  Implicit rule search has not been done.
#  Implicit/static pattern stem: ''
#  File does not exist.
#  File has been updated.
#  Needs to be updated (-q is set).
# automatic
# @ := cmake_check_build_system
# automatic
# * := 
# automatic
# < := 
# automatic
# + := 
# automatic
# % := 
# automatic
# ^ := 
# automatic
# ? := 
# automatic
# | := 
# variable set hash-table stats:
# Load=8/32=25%, Rehash=0, Collisions=1/15=7%
#  recipe to execute (from 'Makefile', line 207):
	$(CMAKE_COMMAND) -P /home/adam/Pers/CPU_Monitor/CMakeFiles/VerifyGlobs.cmake
	$(CMAKE_COMMAND) -S$(CMAKE_SOURCE_DIR) -B$(CMAKE_BINARY_DIR) --check-build-system CMakeFiles/Makefile.cmake 0

.SUFFIXES: .hpux_make_needs_suffix_list
#  Implicit rule search has not been done.
#  Modification time never checked.
#  File has not been updated.

CPU_Monitor/fast:
#  Phony target (prerequisite of .PHONY).
#  Implicit rule search has not been done.
#  File does not exist.
#  File has not been updated.
#  recipe to execute (from 'Makefile', line 130):
	$(MAKE) $(MAKESILENT) -f CMakeFiles/CPU_Monitor.dir/build.make CMakeFiles/CPU_Monitor.dir/build

.PHONY: default_target cmake_force rebuild_cache rebuild_cache/fast edit_cache edit_cache/fast all clean clean/fast preinstall preinstall/fast depend CPU_Monitor CPU_Monitor/fast src/main.o src/main.c.o src/main.i src/main.c.i src/main.s src/main.c.s src/reader.o src/reader.c.o src/reader.i src/reader.c.i src/reader.s src/reader.c.s help cmake_check_build_system
#  Implicit rule search has not been done.
#  Modification time never checked.
#  File has not been updated.

# files hash-table stats:
# Load=35/1024=3%, Rehash=0, Collisions=0/125=0%
# VPATH Search Paths

# No 'vpath' search paths.

# No general ('VPATH' variable) search path.

# strcache buffers: 1 (0) / strings = 58 / storage = 648 B / avg = 11 B
# current buf: size = 8162 B / used = 648 B / count = 58 / avg = 11 B

 
# strcache performance: lookups = 198 / hit rate = 70%
# hash-table stats:
# Load=58/8192=1%, Rehash=0, Collisions=0/198=0%
# Finished Make data base on Sun Jun 20 08:19:04 2021

 
